{"/Users/albertoperona/Documents/Sviluppo/third_party/logto-js/packages/fastify/lib/errors.js": {"path":"/Users/albertoperona/Documents/Sviluppo/third_party/logto-js/packages/fastify/lib/errors.js","all":true,"statementMap":{"0":{"start":{"line":1,"column":0},"end":{"line":1,"column":46}},"1":{"start":{"line":2,"column":0},"end":{"line":2,"column":99}},"2":{"start":{"line":3,"column":0},"end":{"line":3,"column":3}},"3":{"start":{"line":4,"column":0},"end":{"line":4,"column":39}},"4":{"start":{"line":5,"column":0},"end":{"line":5,"column":29}},"5":{"start":{"line":6,"column":0},"end":{"line":6,"column":44}},"6":{"start":{"line":7,"column":0},"end":{"line":7,"column":25}},"7":{"start":{"line":8,"column":0},"end":{"line":8,"column":25}},"8":{"start":{"line":9,"column":0},"end":{"line":9,"column":5}},"9":{"start":{"line":10,"column":0},"end":{"line":10,"column":1}}},"s":{"0":0,"1":0,"2":0,"3":0,"4":0,"5":0,"6":0,"7":0,"8":0,"9":0},"branchMap":{"0":{"type":"branch","line":1,"loc":{"start":{"line":1,"column":356},"end":{"line":12,"column":29}},"locations":[{"start":{"line":1,"column":356},"end":{"line":12,"column":29}}]}},"b":{"0":[0]},"fnMap":{"0":{"name":"(empty-report)","decl":{"start":{"line":1,"column":356},"end":{"line":12,"column":29}},"loc":{"start":{"line":1,"column":356},"end":{"line":12,"column":29}},"line":1}},"f":{"0":0}}
,"/Users/albertoperona/Documents/Sviluppo/third_party/logto-js/packages/fastify/lib/index.js": {"path":"/Users/albertoperona/Documents/Sviluppo/third_party/logto-js/packages/fastify/lib/index.js","all":true,"statementMap":{"0":{"start":{"line":1,"column":0},"end":{"line":1,"column":37}},"5":{"start":{"line":6,"column":0},"end":{"line":6,"column":26}},"6":{"start":{"line":7,"column":0},"end":{"line":7,"column":62}},"7":{"start":{"line":8,"column":0},"end":{"line":8,"column":28}},"8":{"start":{"line":9,"column":0},"end":{"line":9,"column":27}},"9":{"start":{"line":10,"column":0},"end":{"line":10,"column":62}},"10":{"start":{"line":11,"column":0},"end":{"line":11,"column":5}},"11":{"start":{"line":12,"column":0},"end":{"line":12,"column":48}},"12":{"start":{"line":13,"column":0},"end":{"line":13,"column":35}},"13":{"start":{"line":14,"column":0},"end":{"line":14,"column":16}},"14":{"start":{"line":15,"column":0},"end":{"line":15,"column":34}},"15":{"start":{"line":16,"column":0},"end":{"line":16,"column":38}},"16":{"start":{"line":17,"column":0},"end":{"line":17,"column":10}},"17":{"start":{"line":18,"column":0},"end":{"line":18,"column":7}},"18":{"start":{"line":19,"column":0},"end":{"line":19,"column":2}},"19":{"start":{"line":20,"column":0},"end":{"line":20,"column":49}},"20":{"start":{"line":21,"column":0},"end":{"line":21,"column":54}},"21":{"start":{"line":22,"column":0},"end":{"line":22,"column":33}},"22":{"start":{"line":23,"column":0},"end":{"line":23,"column":65}},"23":{"start":{"line":24,"column":0},"end":{"line":24,"column":42}},"24":{"start":{"line":25,"column":0},"end":{"line":25,"column":68}},"25":{"start":{"line":26,"column":0},"end":{"line":26,"column":25}},"26":{"start":{"line":27,"column":0},"end":{"line":27,"column":29}},"27":{"start":{"line":28,"column":0},"end":{"line":28,"column":41}},"28":{"start":{"line":29,"column":0},"end":{"line":29,"column":44}},"29":{"start":{"line":30,"column":0},"end":{"line":30,"column":80}},"30":{"start":{"line":31,"column":0},"end":{"line":31,"column":19}},"31":{"start":{"line":32,"column":0},"end":{"line":32,"column":22}},"32":{"start":{"line":33,"column":0},"end":{"line":33,"column":13}},"33":{"start":{"line":34,"column":0},"end":{"line":34,"column":29}},"34":{"start":{"line":35,"column":0},"end":{"line":35,"column":41}},"35":{"start":{"line":36,"column":0},"end":{"line":36,"column":44}},"36":{"start":{"line":37,"column":0},"end":{"line":37,"column":80}},"37":{"start":{"line":38,"column":0},"end":{"line":38,"column":44}},"38":{"start":{"line":39,"column":0},"end":{"line":39,"column":19}},"39":{"start":{"line":40,"column":0},"end":{"line":40,"column":22}},"40":{"start":{"line":41,"column":0},"end":{"line":41,"column":13}},"41":{"start":{"line":42,"column":0},"end":{"line":42,"column":38}},"42":{"start":{"line":43,"column":0},"end":{"line":43,"column":38}},"43":{"start":{"line":44,"column":0},"end":{"line":44,"column":97}},"44":{"start":{"line":45,"column":0},"end":{"line":45,"column":58}},"45":{"start":{"line":46,"column":0},"end":{"line":46,"column":17}},"46":{"start":{"line":47,"column":0},"end":{"line":47,"column":22}},"47":{"start":{"line":48,"column":0},"end":{"line":48,"column":13}},"48":{"start":{"line":49,"column":0},"end":{"line":49,"column":30}},"49":{"start":{"line":50,"column":0},"end":{"line":50,"column":57}},"50":{"start":{"line":51,"column":0},"end":{"line":51,"column":22}},"51":{"start":{"line":52,"column":0},"end":{"line":52,"column":13}},"52":{"start":{"line":53,"column":0},"end":{"line":53,"column":22}},"53":{"start":{"line":54,"column":0},"end":{"line":54,"column":48}},"54":{"start":{"line":55,"column":0},"end":{"line":55,"column":13}},"55":{"start":{"line":56,"column":0},"end":{"line":56,"column":9}},"56":{"start":{"line":57,"column":0},"end":{"line":57,"column":7}},"57":{"start":{"line":58,"column":0},"end":{"line":58,"column":36}},"58":{"start":{"line":59,"column":0},"end":{"line":59,"column":28}},"59":{"start":{"line":60,"column":0},"end":{"line":60,"column":61}},"60":{"start":{"line":61,"column":0},"end":{"line":61,"column":13}},"61":{"start":{"line":62,"column":0},"end":{"line":62,"column":68}},"62":{"start":{"line":63,"column":0},"end":{"line":63,"column":50}},"63":{"start":{"line":64,"column":0},"end":{"line":64,"column":54}},"64":{"start":{"line":65,"column":0},"end":{"line":65,"column":42}},"65":{"start":{"line":66,"column":0},"end":{"line":66,"column":52}},"66":{"start":{"line":67,"column":0},"end":{"line":67,"column":66}},"67":{"start":{"line":68,"column":0},"end":{"line":68,"column":15}},"68":{"start":{"line":69,"column":0},"end":{"line":69,"column":49}},"69":{"start":{"line":70,"column":0},"end":{"line":70,"column":81}},"70":{"start":{"line":71,"column":0},"end":{"line":71,"column":70}},"71":{"start":{"line":72,"column":0},"end":{"line":72,"column":84}},"72":{"start":{"line":73,"column":0},"end":{"line":73,"column":13}},"73":{"start":{"line":74,"column":0},"end":{"line":74,"column":18}},"74":{"start":{"line":75,"column":0},"end":{"line":75,"column":70}},"75":{"start":{"line":76,"column":0},"end":{"line":76,"column":43}},"76":{"start":{"line":77,"column":0},"end":{"line":77,"column":13}},"77":{"start":{"line":78,"column":0},"end":{"line":78,"column":9}},"78":{"start":{"line":79,"column":0},"end":{"line":79,"column":15}},"79":{"start":{"line":80,"column":0},"end":{"line":80,"column":66}},"80":{"start":{"line":81,"column":0},"end":{"line":81,"column":38}},"81":{"start":{"line":82,"column":0},"end":{"line":82,"column":9}},"82":{"start":{"line":83,"column":0},"end":{"line":83,"column":7}},"83":{"start":{"line":84,"column":0},"end":{"line":84,"column":2}},"84":{"start":{"line":85,"column":0},"end":{"line":85,"column":30}},"85":{"start":{"line":86,"column":0},"end":{"line":86,"column":26}},"86":{"start":{"line":87,"column":0},"end":{"line":87,"column":3}}},"s":{"0":0,"5":0,"6":0,"7":0,"8":0,"9":0,"10":0,"11":0,"12":0,"13":0,"14":0,"15":0,"16":0,"17":0,"18":0,"19":0,"20":0,"21":0,"22":0,"23":0,"24":0,"25":0,"26":0,"27":0,"28":0,"29":0,"30":0,"31":0,"32":0,"33":0,"34":0,"35":0,"36":0,"37":0,"38":0,"39":0,"40":0,"41":0,"42":0,"43":0,"44":0,"45":0,"46":0,"47":0,"48":0,"49":0,"50":0,"51":0,"52":0,"53":0,"54":0,"55":0,"56":0,"57":0,"58":0,"59":0,"60":0,"61":0,"62":0,"63":0,"64":0,"65":0,"66":0,"67":0,"68":0,"69":0,"70":0,"71":0,"72":0,"73":0,"74":0,"75":0,"76":0,"77":0,"78":0,"79":0,"80":0,"81":0,"82":0,"83":0,"84":0,"85":0,"86":0},"branchMap":{"0":{"type":"branch","line":1,"loc":{"start":{"line":1,"column":0},"end":{"line":89,"column":-384}},"locations":[{"start":{"line":1,"column":0},"end":{"line":89,"column":-384}}]}},"b":{"0":[0]},"fnMap":{"0":{"name":"(empty-report)","decl":{"start":{"line":1,"column":0},"end":{"line":89,"column":-384}},"loc":{"start":{"line":1,"column":0},"end":{"line":89,"column":-384}},"line":1}},"f":{"0":0}}
,"/Users/albertoperona/Documents/Sviluppo/third_party/logto-js/packages/fastify/lib/storage.js": {"path":"/Users/albertoperona/Documents/Sviluppo/third_party/logto-js/packages/fastify/lib/storage.js","all":true,"statementMap":{"0":{"start":{"line":1,"column":0},"end":{"line":1,"column":22}},"1":{"start":{"line":2,"column":0},"end":{"line":2,"column":26}},"2":{"start":{"line":3,"column":0},"end":{"line":3,"column":31}},"3":{"start":{"line":4,"column":0},"end":{"line":4,"column":5}},"4":{"start":{"line":5,"column":0},"end":{"line":5,"column":31}},"5":{"start":{"line":6,"column":0},"end":{"line":6,"column":70}},"6":{"start":{"line":7,"column":0},"end":{"line":7,"column":45}},"7":{"start":{"line":8,"column":0},"end":{"line":8,"column":5}},"8":{"start":{"line":9,"column":0},"end":{"line":9,"column":24}},"9":{"start":{"line":10,"column":0},"end":{"line":10,"column":110}},"10":{"start":{"line":11,"column":0},"end":{"line":11,"column":52}},"11":{"start":{"line":12,"column":0},"end":{"line":12,"column":34}},"12":{"start":{"line":13,"column":0},"end":{"line":13,"column":24}},"13":{"start":{"line":14,"column":0},"end":{"line":14,"column":9}},"14":{"start":{"line":15,"column":0},"end":{"line":15,"column":29}},"15":{"start":{"line":16,"column":0},"end":{"line":16,"column":5}},"16":{"start":{"line":17,"column":0},"end":{"line":17,"column":27}},"17":{"start":{"line":18,"column":0},"end":{"line":18,"column":70}},"18":{"start":{"line":19,"column":0},"end":{"line":19,"column":44}},"19":{"start":{"line":20,"column":0},"end":{"line":20,"column":5}},"20":{"start":{"line":21,"column":0},"end":{"line":21,"column":1}}},"s":{"0":0,"1":0,"2":0,"3":0,"4":0,"5":0,"6":0,"7":0,"8":0,"9":0,"10":0,"11":0,"12":0,"13":0,"14":0,"15":0,"16":0,"17":0,"18":0,"19":0,"20":0},"branchMap":{"0":{"type":"branch","line":1,"loc":{"start":{"line":1,"column":728},"end":{"line":23,"column":37}},"locations":[{"start":{"line":1,"column":728},"end":{"line":23,"column":37}}]}},"b":{"0":[0]},"fnMap":{"0":{"name":"(empty-report)","decl":{"start":{"line":1,"column":728},"end":{"line":23,"column":37}},"loc":{"start":{"line":1,"column":728},"end":{"line":23,"column":37}},"line":1}},"f":{"0":0}}
,"/Users/albertoperona/Documents/Sviluppo/third_party/logto-js/packages/fastify/src/errors.ts": {"path":"/Users/albertoperona/Documents/Sviluppo/third_party/logto-js/packages/fastify/src/errors.ts","all":false,"statementMap":{"0":{"start":{"line":1,"column":0},"end":{"line":1,"column":46}},"1":{"start":{"line":2,"column":0},"end":{"line":2,"column":97}},"2":{"start":{"line":3,"column":0},"end":{"line":3,"column":3}},"6":{"start":{"line":7,"column":0},"end":{"line":7,"column":46}},"10":{"start":{"line":11,"column":0},"end":{"line":11,"column":59}},"11":{"start":{"line":12,"column":0},"end":{"line":12,"column":40}},"12":{"start":{"line":13,"column":0},"end":{"line":13,"column":21}},"13":{"start":{"line":14,"column":0},"end":{"line":14,"column":21}},"14":{"start":{"line":15,"column":0},"end":{"line":15,"column":3}},"15":{"start":{"line":16,"column":0},"end":{"line":16,"column":1}}},"s":{"0":1,"1":1,"2":1,"6":1,"10":1,"11":0,"12":0,"13":0,"14":0,"15":1},"branchMap":{},"b":{},"fnMap":{"0":{"name":"LogtoFastifyError","decl":{"start":{"line":11,"column":2},"end":{"line":15,"column":3}},"loc":{"start":{"line":11,"column":2},"end":{"line":15,"column":3}},"line":11}},"f":{"0":0}}
,"/Users/albertoperona/Documents/Sviluppo/third_party/logto-js/packages/fastify/src/index.ts": {"path":"/Users/albertoperona/Documents/Sviluppo/third_party/logto-js/packages/fastify/src/index.ts","all":false,"statementMap":{"0":{"start":{"line":1,"column":0},"end":{"line":1,"column":60}},"2":{"start":{"line":3,"column":0},"end":{"line":3,"column":32}},"4":{"start":{"line":5,"column":0},"end":{"line":5,"column":48}},"5":{"start":{"line":6,"column":0},"end":{"line":6,"column":42}},"14":{"start":{"line":15,"column":0},"end":{"line":15,"column":26}},"16":{"start":{"line":17,"column":0},"end":{"line":17,"column":46}},"17":{"start":{"line":18,"column":0},"end":{"line":18,"column":22}},"18":{"start":{"line":19,"column":0},"end":{"line":19,"column":28}},"19":{"start":{"line":20,"column":0},"end":{"line":20,"column":6}},"20":{"start":{"line":21,"column":0},"end":{"line":21,"column":25}},"21":{"start":{"line":22,"column":0},"end":{"line":22,"column":58}},"22":{"start":{"line":23,"column":0},"end":{"line":23,"column":3}},"23":{"start":{"line":24,"column":0},"end":{"line":24,"column":46}},"25":{"start":{"line":26,"column":0},"end":{"line":26,"column":33}},"26":{"start":{"line":27,"column":0},"end":{"line":27,"column":12}},"27":{"start":{"line":28,"column":0},"end":{"line":28,"column":30}},"28":{"start":{"line":29,"column":0},"end":{"line":29,"column":32}},"29":{"start":{"line":30,"column":0},"end":{"line":30,"column":6}},"30":{"start":{"line":31,"column":0},"end":{"line":31,"column":5}},"31":{"start":{"line":32,"column":0},"end":{"line":32,"column":2}},"33":{"start":{"line":34,"column":0},"end":{"line":34,"column":89}},"34":{"start":{"line":35,"column":0},"end":{"line":35,"column":52}},"37":{"start":{"line":38,"column":0},"end":{"line":38,"column":14}},"38":{"start":{"line":39,"column":0},"end":{"line":39,"column":25}},"39":{"start":{"line":40,"column":0},"end":{"line":40,"column":93}},"40":{"start":{"line":41,"column":0},"end":{"line":41,"column":40}},"41":{"start":{"line":42,"column":0},"end":{"line":42,"column":66}},"42":{"start":{"line":43,"column":0},"end":{"line":43,"column":23}},"43":{"start":{"line":44,"column":0},"end":{"line":44,"column":25}},"44":{"start":{"line":45,"column":0},"end":{"line":45,"column":35}},"45":{"start":{"line":46,"column":0},"end":{"line":46,"column":36}},"46":{"start":{"line":47,"column":0},"end":{"line":47,"column":72}},"47":{"start":{"line":48,"column":0},"end":{"line":48,"column":13}},"48":{"start":{"line":49,"column":0},"end":{"line":49,"column":16}},"49":{"start":{"line":50,"column":0},"end":{"line":50,"column":9}},"51":{"start":{"line":52,"column":0},"end":{"line":52,"column":25}},"52":{"start":{"line":53,"column":0},"end":{"line":53,"column":35}},"53":{"start":{"line":54,"column":0},"end":{"line":54,"column":36}},"54":{"start":{"line":55,"column":0},"end":{"line":55,"column":72}},"55":{"start":{"line":56,"column":0},"end":{"line":56,"column":36}},"56":{"start":{"line":57,"column":0},"end":{"line":57,"column":13}},"57":{"start":{"line":58,"column":0},"end":{"line":58,"column":16}},"58":{"start":{"line":59,"column":0},"end":{"line":59,"column":9}},"60":{"start":{"line":61,"column":0},"end":{"line":61,"column":34}},"61":{"start":{"line":62,"column":0},"end":{"line":62,"column":32}},"62":{"start":{"line":63,"column":0},"end":{"line":63,"column":89}},"63":{"start":{"line":64,"column":0},"end":{"line":64,"column":50}},"64":{"start":{"line":65,"column":0},"end":{"line":65,"column":11}},"65":{"start":{"line":66,"column":0},"end":{"line":66,"column":16}},"66":{"start":{"line":67,"column":0},"end":{"line":67,"column":9}},"68":{"start":{"line":69,"column":0},"end":{"line":69,"column":26}},"69":{"start":{"line":70,"column":0},"end":{"line":70,"column":51}},"70":{"start":{"line":71,"column":0},"end":{"line":71,"column":16}},"71":{"start":{"line":72,"column":0},"end":{"line":72,"column":9}},"73":{"start":{"line":74,"column":0},"end":{"line":74,"column":18}},"74":{"start":{"line":75,"column":0},"end":{"line":75,"column":42}},"75":{"start":{"line":76,"column":0},"end":{"line":76,"column":9}},"76":{"start":{"line":77,"column":0},"end":{"line":77,"column":7}},"77":{"start":{"line":78,"column":0},"end":{"line":78,"column":5}},"78":{"start":{"line":79,"column":0},"end":{"line":79,"column":4}},"80":{"start":{"line":81,"column":0},"end":{"line":81,"column":34}},"83":{"start":{"line":84,"column":0},"end":{"line":84,"column":89}},"84":{"start":{"line":85,"column":0},"end":{"line":85,"column":9}},"85":{"start":{"line":86,"column":0},"end":{"line":86,"column":62}},"86":{"start":{"line":87,"column":0},"end":{"line":87,"column":44}},"87":{"start":{"line":88,"column":0},"end":{"line":88,"column":46}},"88":{"start":{"line":89,"column":0},"end":{"line":89,"column":34}},"89":{"start":{"line":90,"column":0},"end":{"line":90,"column":44}},"90":{"start":{"line":91,"column":0},"end":{"line":91,"column":58}},"91":{"start":{"line":92,"column":0},"end":{"line":92,"column":9}},"93":{"start":{"line":94,"column":0},"end":{"line":94,"column":43}},"94":{"start":{"line":95,"column":0},"end":{"line":95,"column":73}},"96":{"start":{"line":97,"column":0},"end":{"line":97,"column":76}},"97":{"start":{"line":98,"column":0},"end":{"line":98,"column":14}},"99":{"start":{"line":100,"column":0},"end":{"line":100,"column":35}},"100":{"start":{"line":101,"column":0},"end":{"line":101,"column":7}},"101":{"start":{"line":102,"column":0},"end":{"line":102,"column":13}},"104":{"start":{"line":105,"column":0},"end":{"line":105,"column":5}},"105":{"start":{"line":106,"column":0},"end":{"line":106,"column":5}},"106":{"start":{"line":107,"column":0},"end":{"line":107,"column":2}},"108":{"start":{"line":109,"column":0},"end":{"line":109,"column":33}},"109":{"start":{"line":110,"column":0},"end":{"line":110,"column":24}},"110":{"start":{"line":111,"column":0},"end":{"line":111,"column":3}}},"s":{"0":1,"2":1,"4":1,"5":1,"14":1,"16":16,"17":16,"18":16,"19":16,"20":16,"21":0,"22":0,"23":16,"25":16,"26":16,"27":16,"28":5,"29":5,"30":16,"31":16,"33":1,"34":5,"37":5,"38":5,"39":5,"40":6,"41":6,"42":6,"43":6,"44":3,"45":3,"46":3,"47":3,"48":3,"49":3,"51":6,"52":1,"53":1,"54":1,"55":1,"56":1,"57":1,"58":1,"60":6,"61":1,"62":1,"63":1,"64":1,"65":0,"66":0,"68":6,"69":1,"70":1,"71":1,"73":6,"74":0,"75":0,"76":6,"77":6,"78":5,"80":5,"83":5,"84":10,"85":10,"86":10,"87":10,"88":10,"89":10,"90":10,"91":10,"93":10,"94":0,"96":0,"97":4,"99":4,"100":4,"101":10,"104":6,"105":5,"106":5,"108":1,"109":1,"110":1},"branchMap":{"0":{"type":"branch","line":15,"loc":{"start":{"line":15,"column":25},"end":{"line":32,"column":2}},"locations":[{"start":{"line":15,"column":25},"end":{"line":32,"column":2}}]},"1":{"type":"branch","line":21,"loc":{"start":{"line":21,"column":24},"end":{"line":23,"column":3}},"locations":[{"start":{"line":21,"column":24},"end":{"line":23,"column":3}}]},"2":{"type":"branch","line":28,"loc":{"start":{"line":28,"column":14},"end":{"line":30,"column":6}},"locations":[{"start":{"line":28,"column":14},"end":{"line":30,"column":6}}]},"3":{"type":"branch","line":34,"loc":{"start":{"line":34,"column":61},"end":{"line":107,"column":2}},"locations":[{"start":{"line":34,"column":61},"end":{"line":107,"column":2}}]},"4":{"type":"branch","line":40,"loc":{"start":{"line":40,"column":4},"end":{"line":78,"column":5}},"locations":[{"start":{"line":40,"column":4},"end":{"line":78,"column":5}}]},"5":{"type":"branch","line":44,"loc":{"start":{"line":44,"column":8},"end":{"line":50,"column":9}},"locations":[{"start":{"line":44,"column":8},"end":{"line":50,"column":9}}]},"6":{"type":"branch","line":52,"loc":{"start":{"line":52,"column":8},"end":{"line":59,"column":9}},"locations":[{"start":{"line":52,"column":8},"end":{"line":59,"column":9}}]},"7":{"type":"branch","line":61,"loc":{"start":{"line":61,"column":8},"end":{"line":67,"column":9}},"locations":[{"start":{"line":61,"column":8},"end":{"line":67,"column":9}}]},"8":{"type":"branch","line":65,"loc":{"start":{"line":65,"column":10},"end":{"line":67,"column":9}},"locations":[{"start":{"line":65,"column":10},"end":{"line":67,"column":9}}]},"9":{"type":"branch","line":69,"loc":{"start":{"line":69,"column":8},"end":{"line":72,"column":9}},"locations":[{"start":{"line":69,"column":8},"end":{"line":72,"column":9}}]},"10":{"type":"branch","line":74,"loc":{"start":{"line":74,"column":8},"end":{"line":76,"column":9}},"locations":[{"start":{"line":74,"column":8},"end":{"line":76,"column":9}}]},"11":{"type":"branch","line":84,"loc":{"start":{"line":84,"column":32},"end":{"line":106,"column":3}},"locations":[{"start":{"line":84,"column":32},"end":{"line":106,"column":3}}]},"12":{"type":"branch","line":94,"loc":{"start":{"line":94,"column":39},"end":{"line":101,"column":7}},"locations":[{"start":{"line":94,"column":39},"end":{"line":101,"column":7}}]},"13":{"type":"branch","line":94,"loc":{"start":{"line":94,"column":42},"end":{"line":98,"column":13}},"locations":[{"start":{"line":94,"column":42},"end":{"line":98,"column":13}}]},"14":{"type":"branch","line":102,"loc":{"start":{"line":102,"column":4},"end":{"line":105,"column":5}},"locations":[{"start":{"line":102,"column":4},"end":{"line":105,"column":5}}]}},"b":{"0":[16],"1":[0],"2":[5],"3":[5],"4":[6],"5":[3],"6":[1],"7":[1],"8":[0],"9":[1],"10":[0],"11":[10],"12":[4],"13":[0],"14":[6]},"fnMap":{"0":{"name":"createNodeClient","decl":{"start":{"line":15,"column":25},"end":{"line":32,"column":2}},"loc":{"start":{"line":15,"column":25},"end":{"line":32,"column":2}},"line":15},"1":{"name":"navigate","decl":{"start":{"line":28,"column":14},"end":{"line":30,"column":6}},"loc":{"start":{"line":28,"column":14},"end":{"line":30,"column":6}},"line":28},"2":{"name":"fastifyLogto","decl":{"start":{"line":34,"column":61},"end":{"line":107,"column":2}},"loc":{"start":{"line":34,"column":61},"end":{"line":107,"column":2}},"line":34}},"f":{"0":16,"1":5,"2":5}}
,"/Users/albertoperona/Documents/Sviluppo/third_party/logto-js/packages/fastify/src/storage.ts": {"path":"/Users/albertoperona/Documents/Sviluppo/third_party/logto-js/packages/fastify/src/storage.ts","all":false,"statementMap":{"3":{"start":{"line":4,"column":0},"end":{"line":4,"column":68}},"4":{"start":{"line":5,"column":0},"end":{"line":5,"column":58}},"6":{"start":{"line":7,"column":0},"end":{"line":7,"column":49}},"8":{"start":{"line":9,"column":0},"end":{"line":9,"column":46}},"9":{"start":{"line":10,"column":0},"end":{"line":10,"column":3}},"11":{"start":{"line":12,"column":0},"end":{"line":12,"column":34}},"13":{"start":{"line":14,"column":0},"end":{"line":14,"column":53}},"15":{"start":{"line":16,"column":0},"end":{"line":16,"column":30}},"16":{"start":{"line":17,"column":0},"end":{"line":17,"column":18}},"17":{"start":{"line":18,"column":0},"end":{"line":18,"column":5}},"19":{"start":{"line":20,"column":0},"end":{"line":20,"column":25}},"20":{"start":{"line":21,"column":0},"end":{"line":21,"column":3}},"22":{"start":{"line":23,"column":0},"end":{"line":23,"column":37}},"24":{"start":{"line":25,"column":0},"end":{"line":25,"column":50}},"25":{"start":{"line":26,"column":0},"end":{"line":26,"column":3}},"26":{"start":{"line":27,"column":0},"end":{"line":27,"column":1}}},"s":{"3":1,"4":1,"6":1,"8":4,"9":4,"11":1,"13":16,"15":16,"16":14,"17":14,"19":2,"20":16,"22":1,"24":2,"25":2,"26":1},"branchMap":{"0":{"type":"branch","line":5,"loc":{"start":{"line":5,"column":2},"end":{"line":5,"column":58}},"locations":[{"start":{"line":5,"column":2},"end":{"line":5,"column":58}}]},"1":{"type":"branch","line":7,"loc":{"start":{"line":7,"column":2},"end":{"line":10,"column":3}},"locations":[{"start":{"line":7,"column":2},"end":{"line":10,"column":3}}]},"2":{"type":"branch","line":12,"loc":{"start":{"line":12,"column":2},"end":{"line":21,"column":3}},"locations":[{"start":{"line":12,"column":2},"end":{"line":21,"column":3}}]},"3":{"type":"branch","line":16,"loc":{"start":{"line":16,"column":29},"end":{"line":18,"column":5}},"locations":[{"start":{"line":16,"column":29},"end":{"line":18,"column":5}}]},"4":{"type":"branch","line":18,"loc":{"start":{"line":18,"column":4},"end":{"line":20,"column":25}},"locations":[{"start":{"line":18,"column":4},"end":{"line":20,"column":25}}]},"5":{"type":"branch","line":23,"loc":{"start":{"line":23,"column":2},"end":{"line":26,"column":3}},"locations":[{"start":{"line":23,"column":2},"end":{"line":26,"column":3}}]}},"b":{"0":[20],"1":[4],"2":[16],"3":[14],"4":[2],"5":[2]},"fnMap":{"0":{"name":"FastifyStorage","decl":{"start":{"line":5,"column":2},"end":{"line":5,"column":58}},"loc":{"start":{"line":5,"column":2},"end":{"line":5,"column":58}},"line":5},"1":{"name":"setItem","decl":{"start":{"line":7,"column":2},"end":{"line":10,"column":3}},"loc":{"start":{"line":7,"column":2},"end":{"line":10,"column":3}},"line":7},"2":{"name":"getItem","decl":{"start":{"line":12,"column":2},"end":{"line":21,"column":3}},"loc":{"start":{"line":12,"column":2},"end":{"line":21,"column":3}},"line":12},"3":{"name":"removeItem","decl":{"start":{"line":23,"column":2},"end":{"line":26,"column":3}},"loc":{"start":{"line":23,"column":2},"end":{"line":26,"column":3}},"line":23}},"f":{"0":20,"1":4,"2":16,"3":2}}
,"/Users/albertoperona/Documents/Sviluppo/third_party/logto-js/packages/fastify/src/types.ts": {"path":"/Users/albertoperona/Documents/Sviluppo/third_party/logto-js/packages/fastify/src/types.ts","all":true,"statementMap":{},"s":{},"branchMap":{"0":{"type":"branch","line":1,"loc":{"start":{"line":1,"column":282},"end":{"line":7,"column":25}},"locations":[{"start":{"line":1,"column":282},"end":{"line":7,"column":25}}]}},"b":{"0":[1]},"fnMap":{"0":{"name":"(empty-report)","decl":{"start":{"line":1,"column":282},"end":{"line":7,"column":25}},"loc":{"start":{"line":1,"column":282},"end":{"line":7,"column":25}},"line":1}},"f":{"0":1}}
}
